<?xml version="1.0" encoding="UTF-8"?>
<testng-results ignored="0" total="1" passed="1" failed="0" skipped="0">
  <reporter-output>
  </reporter-output>
  <suite started-at="2026-01-16T20:52:02 IST" name="Default suite" finished-at="2026-01-16T20:52:06 IST" duration-ms="3240">
    <groups>
    </groups>
    <test started-at="2026-01-16T20:52:02 IST" name="Default test" finished-at="2026-01-16T20:52:06 IST" duration-ms="3240">
      <class name="com.api.test.LoginAPITests">
        <test-method signature="LoginTest()[pri:0, instance:com.api.test.LoginAPITests@4c9f8c13]" started-at="2026-01-16T20:52:02 IST" name="LoginTest" description="Verify if login api is working!!!" finished-at="2026-01-16T20:52:06 IST" duration-ms="3210" status="PASS">
          <reporter-output>
          </reporter-output>
        </test-method> <!-- LoginTest -->
      </class> <!-- com.api.test.LoginAPITests -->
    </test> <!-- Default test -->
  </suite> <!-- Default suite -->
</testng-results>
